2023-10-19T14:43:19.201409Z  INFO term: starting
2023-10-19T14:43:19.202129Z TRACE term: process Request SetValue { name: "cmd", value: "Peter" }
2023-10-19T14:43:19.202164Z TRACE term: process Request NextInput(0, 0)
2023-10-19T14:43:19.202171Z TRACE term: request pushed back
2023-10-19T14:43:19.202175Z TRACE term: process Result: Redraw
2023-10-19T14:43:19.202664Z  INFO tt_rust::ui::glyph::frame: allocated Rect { x: 0, y: 0, w: 177, h: 20 }
2023-10-19T14:43:19.202677Z  INFO tt_rust::ui::glyph::panel: allocate Rect { x: 1, y: 1, w: 175, h: 18 }
2023-10-19T14:43:19.202682Z  INFO tt_rust::ui::glyph::label: allocate Rect { x: 1, y: 1, w: 175, h: 1 }
2023-10-19T14:43:19.202686Z  INFO tt_rust::ui::glyph::label: allocate Rect { x: 1, y: 2, w: 175, h: 1 }
2023-10-19T14:43:19.202691Z  INFO tt_rust::ui::glyph::input: allocate Rect { x: 1, y: 3, w: 175, h: 1 }
2023-10-19T14:43:19.202695Z  INFO tt_rust::ui::glyph::label: allocate Rect { x: 1, y: 4, w: 175, h: 1 }
2023-10-19T14:43:19.202699Z  INFO tt_rust::ui::glyph::input: allocate Rect { x: 1, y: 5, w: 175, h: 1 }
2023-10-19T14:43:19.202703Z  INFO tt_rust::ui::glyph::label: allocate Rect { x: 1, y: 6, w: 175, h: 1 }
2023-10-19T14:43:19.202707Z  INFO tt_rust::ui::glyph::input: allocate Rect { x: 1, y: 7, w: 175, h: 1 }
2023-10-19T14:43:19.202711Z  INFO tt_rust::ui::glyph::label: allocate Rect { x: 1, y: 8, w: 175, h: 1 }
2023-10-19T14:43:19.202715Z  INFO tt_rust::ui::glyph::input: allocate Rect { x: 1, y: 9, w: 175, h: 1 }
2023-10-19T14:43:19.202720Z TRACE term: process Request NextInput(0, 0)
2023-10-19T14:43:19.202725Z TRACE term: process Result: Redraw
2023-10-19T14:43:19.202771Z TRACE term: process Result: NewCursorPosition(1, 3)
2023-10-19T14:44:01.239329Z TRACE term: process Result: NewCursorPosition(2, 9)
2023-10-19T14:44:01.488612Z TRACE term: process Result: NewCursorPosition(3, 9)
2023-10-19T14:44:01.603466Z TRACE term: process Result: NewCursorPosition(4, 9)
2023-10-19T14:44:02.314255Z TRACE term: process Result: NewCursorPosition(5, 9)
2023-10-19T14:44:02.458412Z TRACE term: process Result: NewCursorPosition(6, 9)
2023-10-19T14:44:02.593270Z TRACE term: process Result: NewCursorPosition(7, 9)
2023-10-19T14:44:02.725809Z TRACE term: process Result: NewCursorPosition(8, 9)
2023-10-19T14:44:02.823193Z TRACE term: process Result: NewCursorPosition(9, 9)
2023-10-19T14:44:02.911083Z TRACE term: process Result: NewCursorPosition(10, 9)
2023-10-19T14:44:03.105618Z TRACE term: process Result: NewCursorPosition(11, 9)
2023-10-19T14:44:03.166040Z TRACE term: process Result: NewCursorPosition(12, 9)
2023-10-19T14:44:03.334957Z TRACE term: process Result: NewCursorPosition(13, 9)
2023-10-19T14:44:03.467167Z TRACE term: process Result: NewCursorPosition(14, 9)
2023-10-19T14:44:03.535972Z TRACE term: process Result: NewCursorPosition(15, 9)
2023-10-19T14:59:58.063442Z TRACE term: process Request NextInput(15, 9)
